# JRE version: Java(TM) SE Runtime Environment (7.0_80-b15) (build 1.7.0_80-b15)
# Java VM: Java HotSpot(TM) 64-Bit Server VM (24.80-b11 mixed mode linux-amd64 compressed oops)
Heap
 def new generation   total 235968K, used 8500K [0x00000000c0000000, 0x00000000d0000000, 0x00000000d0000000)
  eden space 209792K,   1% used [0x00000000c0000000, 0x00000000c02e26f8, 0x00000000ccce0000)
  from space 26176K,  21% used [0x00000000ccce0000, 0x00000000cd24a910, 0x00000000ce670000)
  to   space 26176K,   0% used [0x00000000ce670000, 0x00000000ce670000, 0x00000000d0000000)
 tenured generation   total 524288K, used 181334K [0x00000000d0000000, 0x00000000f0000000, 0x00000000f0000000)
   the space 524288K,  34% used [0x00000000d0000000, 0x00000000db115be0, 0x00000000db115c00, 0x00000000f0000000)
 compacting perm gen  total 103680K, used 103604K [0x00000000f0000000, 0x00000000f6540000, 0x0000000100000000)
   the space 103680K,  99% used [0x00000000f0000000, 0x00000000f652d068, 0x00000000f652d200, 0x00000000f6540000)
GC Heap History (10 events):
Event: 8831.929 GC heap before
{Heap before GC invocations=81 (full 3):
 def new generation   total 235968K, used 223171K [0x00000000c0000000, 0x00000000d0000000, 0x00000000d0000000)
  eden space 209792K, 100% used [0x00000000c0000000, 0x00000000ccce0000, 0x00000000ccce0000)
  from space 26176K,  51% used [0x00000000ccce0000, 0x00000000cd9f0dc8, 0x00000000ce670000)
  to   space 26176K,   0% used [0x00000000ce670000, 0x00000000ce670000, 0x00000000d0000000)
 tenured generation   total 524288K, used 191260K [0x00000000d0000000, 0x00000000f0000000, 0x00000000f0000000)
   the space 524288K,  36% used [0x00000000d0000000, 0x00000000dbac7130, 0x00000000dbac7200, 0x00000000f0000000)
 compacting perm gen  total 119104K, used 118989K [0x00000000f0000000, 0x00000000f7450000, 0x0000000100000000)
   the space 119104K,  99% used [0x00000000f0000000, 0x00000000f7433720, 0x00000000f7433800, 0x00000000f7450000)
No shared spaces configured.
Event: 8832.208 GC heap after
Heap after GC invocations=82 (full 3):
 def new generation   total 235968K, used 14596K [0x00000000c0000000, 0x00000000d0000000, 0x00000000d0000000)
  eden space 209792K,   0% used [0x00000000c0000000, 0x00000000c0000000, 0x00000000ccce0000)
  from space 26176K,  55% used [0x00000000ce670000, 0x00000000cf4b1088, 0x00000000d0000000)
  to   space 26176K,   0% used [0x00000000ccce0000, 0x00000000ccce0000, 0x00000000ce670000)
 tenured generation   total 524288K, used 192094K [0x00000000d0000000, 0x00000000f0000000, 0x00000000f0000000)
   the space 524288K,  36% used [0x00000000d0000000, 0x00000000dbb97970, 0x00000000dbb97a00, 0x00000000f0000000)
 compacting perm gen  total 119104K, used 118989K [0x00000000f0000000, 0x00000000f7450000, 0x0000000100000000)
   the space 119104K,  99% used [0x00000000f0000000, 0x00000000f7433720, 0x00000000f7433800, 0x00000000f7450000)
No shared spaces configured.
}
Event: 8840.267 GC heap before
{Heap before GC invocations=82 (full 3):
 def new generation   total 235968K, used 224388K [0x00000000c0000000, 0x00000000d0000000, 0x00000000d0000000)
  eden space 209792K, 100% used [0x00000000c0000000, 0x00000000ccce0000, 0x00000000ccce0000)
  from space 26176K,  55% used [0x00000000ce670000, 0x00000000cf4b1088, 0x00000000d0000000)
  to   space 26176K,   0% used [0x00000000ccce0000, 0x00000000ccce0000, 0x00000000ce670000)
 tenured generation   total 524288K, used 192094K [0x00000000d0000000, 0x00000000f0000000, 0x00000000f0000000)
   the space 524288K,  36% used [0x00000000d0000000, 0x00000000dbb97970, 0x00000000dbb97a00, 0x00000000f0000000)
 compacting perm gen  total 119744K, used 119631K [0x00000000f0000000, 0x00000000f74f0000, 0x0000000100000000)
   the space 119744K,  99% used [0x00000000f0000000, 0x00000000f74d3f70, 0x00000000f74d4000, 0x00000000f74f0000)
No shared spaces configured.
Event: 8841.228 GC heap after
Heap after GC invocations=83 (full 3):
 def new generation   total 235968K, used 20909K [0x00000000c0000000, 0x00000000d0000000, 0x00000000d0000000)
  eden space 209792K,   0% used [0x00000000c0000000, 0x00000000c0000000, 0x00000000ccce0000)
  from space 26176K,  79% used [0x00000000ccce0000, 0x00000000ce14b698, 0x00000000ce670000)
  to   space 26176K,   0% used [0x00000000ce670000, 0x00000000ce670000, 0x00000000d0000000)
 tenured generation   total 524288K, used 193668K [0x00000000d0000000, 0x00000000f0000000, 0x00000000f0000000)
   the space 524288K,  36% used [0x00000000d0000000, 0x00000000dbd21080, 0x00000000dbd21200, 0x00000000f0000000)
 compacting perm gen  total 119744K, used 119631K [0x00000000f0000000, 0x00000000f74f0000, 0x0000000100000000)
   the space 119744K,  99% used [0x00000000f0000000, 0x00000000f74d3f70, 0x00000000f74d4000, 0x00000000f74f0000)
No shared spaces configured.
}
Event: 9127.008 GC heap before
{Heap before GC invocations=83 (full 3):
 def new generation   total 235968K, used 190827K [0x00000000c0000000, 0x00000000d0000000, 0x00000000d0000000)
  eden space 209792K,  80% used [0x00000000c0000000, 0x00000000ca5ef758, 0x00000000ccce0000)
  from space 26176K,  79% used [0x00000000ccce0000, 0x00000000ce14b698, 0x00000000ce670000)
  to   space 26176K,   0% used [0x00000000ce670000, 0x00000000ce670000, 0x00000000d0000000)
 tenured generation   total 524288K, used 193668K [0x00000000d0000000, 0x00000000f0000000, 0x00000000f0000000)
   the space 524288K,  36% used [0x00000000d0000000, 0x00000000dbd21080, 0x00000000dbd21200, 0x00000000f0000000)
 compacting perm gen  total 120064K, used 120063K [0x00000000f0000000, 0x00000000f7540000, 0x0000000100000000)
   the space 120064K,  99% used [0x00000000f0000000, 0x00000000f753ff78, 0x00000000f7540000, 0x00000000f7540000)
No shared spaces configured.
Event: 9130.066 GC heap after
Heap after GC invocations=84 (full 4):
 def new generation   total 235968K, used 0K [0x00000000c0000000, 0x00000000d0000000, 0x00000000d0000000)
  eden space 209792K,   0% used [0x00000000c0000000, 0x00000000c0000000, 0x00000000ccce0000)
  from space 26176K,   0% used [0x00000000ccce0000, 0x00000000ccce0000, 0x00000000ce670000)
  to   space 26176K,   0% used [0x00000000ce670000, 0x00000000ce670000, 0x00000000d0000000)
 tenured generation   total 524288K, used 181334K [0x00000000d0000000, 0x00000000f0000000, 0x00000000f0000000)
   the space 524288K,  34% used [0x00000000d0000000, 0x00000000db115be0, 0x00000000db115c00, 0x00000000f0000000)
 compacting perm gen  total 102080K, used 101777K [0x00000000f0000000, 0x00000000f63b0000, 0x0000000100000000)
   the space 102080K,  99% used [0x00000000f0000000, 0x00000000f63646f8, 0x00000000f6364800, 0x00000000f63b0000)
No shared spaces configured.
}
Event: 9168.417 GC heap before
{Heap before GC invocations=84 (full 4):
 def new generation   total 235968K, used 209792K [0x00000000c0000000, 0x00000000d0000000, 0x00000000d0000000)
  eden space 209792K, 100% used [0x00000000c0000000, 0x00000000ccce0000, 0x00000000ccce0000)
  from space 26176K,   0% used [0x00000000ccce0000, 0x00000000ccce0000, 0x00000000ce670000)
  to   space 26176K,   0% used [0x00000000ce670000, 0x00000000ce670000, 0x00000000d0000000)
 tenured generation   total 524288K, used 181334K [0x00000000d0000000, 0x00000000f0000000, 0x00000000f0000000)
   the space 524288K,  34% used [0x00000000d0000000, 0x00000000db115be0, 0x00000000db115c00, 0x00000000f0000000)
 compacting perm gen  total 102400K, used 102212K [0x00000000f0000000, 0x00000000f6400000, 0x0000000100000000)
   the space 102400K,  99% used [0x00000000f0000000, 0x00000000f63d1010, 0x00000000f63d1200, 0x00000000f6400000)
No shared spaces configured.
Event: 9168.427 GC heap after
Heap after GC invocations=85 (full 4):
 def new generation   total 235968K, used 4202K [0x00000000c0000000, 0x00000000d0000000, 0x00000000d0000000)
  eden space 209792K,   0% used [0x00000000c0000000, 0x00000000c0000000, 0x00000000ccce0000)
  from space 26176K,  16% used [0x00000000ce670000, 0x00000000cea8aa98, 0x00000000d0000000)
  to   space 26176K,   0% used [0x00000000ccce0000, 0x00000000ccce0000, 0x00000000ce670000)
 tenured generation   total 524288K, used 181334K [0x00000000d0000000, 0x00000000f0000000, 0x00000000f0000000)
   the space 524288K,  34% used [0x00000000d0000000, 0x00000000db115be0, 0x00000000db115c00, 0x00000000f0000000)
 compacting perm gen  total 102400K, used 102212K [0x00000000f0000000, 0x00000000f6400000, 0x0000000100000000)
   the space 102400K,  99% used [0x00000000f0000000, 0x00000000f63d1010, 0x00000000f63d1200, 0x00000000f6400000)
No shared spaces configured.
}
Event: 9178.272 GC heap before
{Heap before GC invocations=85 (full 4):
 def new generation   total 235968K, used 213994K [0x00000000c0000000, 0x00000000d0000000, 0x00000000d0000000)
  eden space 209792K, 100% used [0x00000000c0000000, 0x00000000ccce0000, 0x00000000ccce0000)
  from space 26176K,  16% used [0x00000000ce670000, 0x00000000cea8aa98, 0x00000000d0000000)
  to   space 26176K,   0% used [0x00000000ccce0000, 0x00000000ccce0000, 0x00000000ce670000)
 tenured generation   total 524288K, used 181334K [0x00000000d0000000, 0x00000000f0000000, 0x00000000f0000000)
   the space 524288K,  34% used [0x00000000d0000000, 0x00000000db115be0, 0x00000000db115c00, 0x00000000f0000000)
 compacting perm gen  total 103680K, used 103600K [0x00000000f0000000, 0x00000000f6540000, 0x0000000100000000)
   the space 103680K,  99% used [0x00000000f0000000, 0x00000000f652c1b0, 0x00000000f652c200, 0x00000000f6540000)
No shared spaces configured.
Event: 9178.305 GC heap after
Heap after GC invocations=86 (full 4):
 def new generation   total 235968K, used 5546K [0x00000000c0000000, 0x00000000d0000000, 0x00000000d0000000)
  eden space 209792K,   0% used [0x00000000c0000000, 0x00000000c0000000, 0x00000000ccce0000)
  from space 26176K,  21% used [0x00000000ccce0000, 0x00000000cd24a910, 0x00000000ce670000)
  to   space 26176K,   0% used [0x00000000ce670000, 0x00000000ce670000, 0x00000000d0000000)
 tenured generation   total 524288K, used 181334K [0x00000000d0000000, 0x00000000f0000000, 0x00000000f0000000)
   the space 524288K,  34% used [0x00000000d0000000, 0x00000000db115be0, 0x00000000db115c00, 0x00000000f0000000)
 compacting perm gen  total 103680K, used 103600K [0x00000000f0000000, 0x00000000f6540000, 0x0000000100000000)
   the space 103680K,  99% used [0x00000000f0000000, 0x00000000f652c1b0, 0x00000000f652c200, 0x00000000f6540000)
No shared spaces configured.
}

