# JRE version: Java(TM) SE Runtime Environment (7.0_80-b15) (build 1.7.0_80-b15)
# Java VM: Java HotSpot(TM) 64-Bit Server VM (24.80-b11 mixed mode linux-amd64 compressed oops)
Heap
 def new generation   total 235968K, used 32955K [0x00000000c0000000, 0x00000000d0000000, 0x00000000d0000000)
  eden space 209792K,   3% used [0x00000000c0000000, 0x00000000c06ca1d8, 0x00000000ccce0000)
  from space 26176K,  99% used [0x00000000ccce0000, 0x00000000ce644bd8, 0x00000000ce670000)
  to   space 26176K,   0% used [0x00000000ce670000, 0x00000000ce670000, 0x00000000d0000000)
 tenured generation   total 524288K, used 131969K [0x00000000d0000000, 0x00000000f0000000, 0x00000000f0000000)
   the space 524288K,  25% used [0x00000000d0000000, 0x00000000d80e0438, 0x00000000d80e0600, 0x00000000f0000000)
 compacting perm gen  total 98304K, used 81250K [0x00000000f0000000, 0x00000000f6000000, 0x0000000100000000)
   the space 98304K,  82% used [0x00000000f0000000, 0x00000000f4f589a8, 0x00000000f4f58a00, 0x00000000f6000000)
GC Heap History (10 events):
Event: 44.702 GC heap before
{Heap before GC invocations=25 (full 0):
 def new generation   total 235968K, used 228048K [0x00000000c0000000, 0x00000000d0000000, 0x00000000d0000000)
  eden space 209792K, 100% used [0x00000000c0000000, 0x00000000ccce0000, 0x00000000ccce0000)
  from space 26176K,  69% used [0x00000000ce670000, 0x00000000cf844258, 0x00000000d0000000)
  to   space 26176K,   0% used [0x00000000ccce0000, 0x00000000ccce0000, 0x00000000ce670000)
 tenured generation   total 524288K, used 110949K [0x00000000d0000000, 0x00000000f0000000, 0x00000000f0000000)
   the space 524288K,  21% used [0x00000000d0000000, 0x00000000d6c595f8, 0x00000000d6c59600, 0x00000000f0000000)
 compacting perm gen  total 98304K, used 76955K [0x00000000f0000000, 0x00000000f6000000, 0x0000000100000000)
   the space 98304K,  78% used [0x00000000f0000000, 0x00000000f4b26c58, 0x00000000f4b26e00, 0x00000000f6000000)
No shared spaces configured.
Event: 44.754 GC heap after
Heap after GC invocations=26 (full 0):
 def new generation   total 235968K, used 12229K [0x00000000c0000000, 0x00000000d0000000, 0x00000000d0000000)
  eden space 209792K,   0% used [0x00000000c0000000, 0x00000000c0000000, 0x00000000ccce0000)
  from space 26176K,  46% used [0x00000000ccce0000, 0x00000000cd8d17d0, 0x00000000ce670000)
  to   space 26176K,   0% used [0x00000000ce670000, 0x00000000ce670000, 0x00000000d0000000)
 tenured generation   total 524288K, used 120399K [0x00000000d0000000, 0x00000000f0000000, 0x00000000f0000000)
   the space 524288K,  22% used [0x00000000d0000000, 0x00000000d7593cb0, 0x00000000d7593e00, 0x00000000f0000000)
 compacting perm gen  total 98304K, used 76955K [0x00000000f0000000, 0x00000000f6000000, 0x0000000100000000)
   the space 98304K,  78% used [0x00000000f0000000, 0x00000000f4b26c58, 0x00000000f4b26e00, 0x00000000f6000000)
No shared spaces configured.
}
Event: 45.692 GC heap before
{Heap before GC invocations=26 (full 0):
 def new generation   total 235968K, used 221962K [0x00000000c0000000, 0x00000000d0000000, 0x00000000d0000000)
  eden space 209792K,  99% used [0x00000000c0000000, 0x00000000cccd1288, 0x00000000ccce0000)
  from space 26176K,  46% used [0x00000000ccce0000, 0x00000000cd8d17d0, 0x00000000ce670000)
  to   space 26176K,   0% used [0x00000000ce670000, 0x00000000ce670000, 0x00000000d0000000)
 tenured generation   total 524288K, used 120399K [0x00000000d0000000, 0x00000000f0000000, 0x00000000f0000000)
   the space 524288K,  22% used [0x00000000d0000000, 0x00000000d7593cb0, 0x00000000d7593e00, 0x00000000f0000000)
 compacting perm gen  total 98304K, used 78210K [0x00000000f0000000, 0x00000000f6000000, 0x0000000100000000)
   the space 98304K,  79% used [0x00000000f0000000, 0x00000000f4c60928, 0x00000000f4c60a00, 0x00000000f6000000)
No shared spaces configured.
Event: 45.726 GC heap after
Heap after GC invocations=27 (full 0):
 def new generation   total 235968K, used 17420K [0x00000000c0000000, 0x00000000d0000000, 0x00000000d0000000)
  eden space 209792K,   0% used [0x00000000c0000000, 0x00000000c0000000, 0x00000000ccce0000)
  from space 26176K,  66% used [0x00000000ce670000, 0x00000000cf773240, 0x00000000d0000000)
  to   space 26176K,   0% used [0x00000000ccce0000, 0x00000000ccce0000, 0x00000000ce670000)
 tenured generation   total 524288K, used 120399K [0x00000000d0000000, 0x00000000f0000000, 0x00000000f0000000)
   the space 524288K,  22% used [0x00000000d0000000, 0x00000000d7593cb0, 0x00000000d7593e00, 0x00000000f0000000)
 compacting perm gen  total 98304K, used 78210K [0x00000000f0000000, 0x00000000f6000000, 0x0000000100000000)
   the space 98304K,  79% used [0x00000000f0000000, 0x00000000f4c60928, 0x00000000f4c60a00, 0x00000000f6000000)
No shared spaces configured.
}
Event: 77.622 GC heap before
{Heap before GC invocations=27 (full 0):
 def new generation   total 235968K, used 227212K [0x00000000c0000000, 0x00000000d0000000, 0x00000000d0000000)
  eden space 209792K, 100% used [0x00000000c0000000, 0x00000000ccce0000, 0x00000000ccce0000)
  from space 26176K,  66% used [0x00000000ce670000, 0x00000000cf773240, 0x00000000d0000000)
  to   space 26176K,   0% used [0x00000000ccce0000, 0x00000000ccce0000, 0x00000000ce670000)
 tenured generation   total 524288K, used 120399K [0x00000000d0000000, 0x00000000f0000000, 0x00000000f0000000)
   the space 524288K,  22% used [0x00000000d0000000, 0x00000000d7593cb0, 0x00000000d7593e00, 0x00000000f0000000)
 compacting perm gen  total 98304K, used 79244K [0x00000000f0000000, 0x00000000f6000000, 0x0000000100000000)
   the space 98304K,  80% used [0x00000000f0000000, 0x00000000f4d632b8, 0x00000000f4d63400, 0x00000000f6000000)
No shared spaces configured.
Event: 77.668 GC heap after
Heap after GC invocations=28 (full 0):
 def new generation   total 235968K, used 15060K [0x00000000c0000000, 0x00000000d0000000, 0x00000000d0000000)
  eden space 209792K,   0% used [0x00000000c0000000, 0x00000000c0000000, 0x00000000ccce0000)
  from space 26176K,  57% used [0x00000000ccce0000, 0x00000000cdb95090, 0x00000000ce670000)
  to   space 26176K,   0% used [0x00000000ce670000, 0x00000000ce670000, 0x00000000d0000000)
 tenured generation   total 524288K, used 126870K [0x00000000d0000000, 0x00000000f0000000, 0x00000000f0000000)
   the space 524288K,  24% used [0x00000000d0000000, 0x00000000d7be5898, 0x00000000d7be5a00, 0x00000000f0000000)
 compacting perm gen  total 98304K, used 79244K [0x00000000f0000000, 0x00000000f6000000, 0x0000000100000000)
   the space 98304K,  80% used [0x00000000f0000000, 0x00000000f4d632b8, 0x00000000f4d63400, 0x00000000f6000000)
No shared spaces configured.
}
Event: 81.757 GC heap before
{Heap before GC invocations=28 (full 0):
 def new generation   total 235968K, used 224852K [0x00000000c0000000, 0x00000000d0000000, 0x00000000d0000000)
  eden space 209792K, 100% used [0x00000000c0000000, 0x00000000ccce0000, 0x00000000ccce0000)
  from space 26176K,  57% used [0x00000000ccce0000, 0x00000000cdb95090, 0x00000000ce670000)
  to   space 26176K,   0% used [0x00000000ce670000, 0x00000000ce670000, 0x00000000d0000000)
 tenured generation   total 524288K, used 126870K [0x00000000d0000000, 0x00000000f0000000, 0x00000000f0000000)
   the space 524288K,  24% used [0x00000000d0000000, 0x00000000d7be5898, 0x00000000d7be5a00, 0x00000000f0000000)
 compacting perm gen  total 98304K, used 79845K [0x00000000f0000000, 0x00000000f6000000, 0x0000000100000000)
   the space 98304K,  81% used [0x00000000f0000000, 0x00000000f4df9408, 0x00000000f4df9600, 0x00000000f6000000)
No shared spaces configured.
Event: 81.794 GC heap after
Heap after GC invocations=29 (full 0):
 def new generation   total 235968K, used 12952K [0x00000000c0000000, 0x00000000d0000000, 0x00000000d0000000)
  eden space 209792K,   0% used [0x00000000c0000000, 0x00000000c0000000, 0x00000000ccce0000)
  from space 26176K,  49% used [0x00000000ce670000, 0x00000000cf316360, 0x00000000d0000000)
  to   space 26176K,   0% used [0x00000000ccce0000, 0x00000000ccce0000, 0x00000000ce670000)
 tenured generation   total 524288K, used 131969K [0x00000000d0000000, 0x00000000f0000000, 0x00000000f0000000)
   the space 524288K,  25% used [0x00000000d0000000, 0x00000000d80e0438, 0x00000000d80e0600, 0x00000000f0000000)
 compacting perm gen  total 98304K, used 79845K [0x00000000f0000000, 0x00000000f6000000, 0x0000000100000000)
   the space 98304K,  81% used [0x00000000f0000000, 0x00000000f4df9408, 0x00000000f4df9600, 0x00000000f6000000)
No shared spaces configured.
}
Event: 149.541 GC heap before
{Heap before GC invocations=29 (full 0):
 def new generation   total 235968K, used 222744K [0x00000000c0000000, 0x00000000d0000000, 0x00000000d0000000)
  eden space 209792K, 100% used [0x00000000c0000000, 0x00000000ccce0000, 0x00000000ccce0000)
  from space 26176K,  49% used [0x00000000ce670000, 0x00000000cf316360, 0x00000000d0000000)
  to   space 26176K,   0% used [0x00000000ccce0000, 0x00000000ccce0000, 0x00000000ce670000)
 tenured generation   total 524288K, used 131969K [0x00000000d0000000, 0x00000000f0000000, 0x00000000f0000000)
   the space 524288K,  25% used [0x00000000d0000000, 0x00000000d80e0438, 0x00000000d80e0600, 0x00000000f0000000)
 compacting perm gen  total 98304K, used 81244K [0x00000000f0000000, 0x00000000f6000000, 0x0000000100000000)
   the space 98304K,  82% used [0x00000000f0000000, 0x00000000f4f57208, 0x00000000f4f57400, 0x00000000f6000000)
No shared spaces configured.
Event: 149.587 GC heap after
Heap after GC invocations=30 (full 0):
 def new generation   total 235968K, used 26002K [0x00000000c0000000, 0x00000000d0000000, 0x00000000d0000000)
  eden space 209792K,   0% used [0x00000000c0000000, 0x00000000c0000000, 0x00000000ccce0000)
  from space 26176K,  99% used [0x00000000ccce0000, 0x00000000ce644bd8, 0x00000000ce670000)
  to   space 26176K,   0% used [0x00000000ce670000, 0x00000000ce670000, 0x00000000d0000000)
 tenured generation   total 524288K, used 131969K [0x00000000d0000000, 0x00000000f0000000, 0x00000000f0000000)
   the space 524288K,  25% used [0x00000000d0000000, 0x00000000d80e0438, 0x00000000d80e0600, 0x00000000f0000000)
 compacting perm gen  total 98304K, used 81244K [0x00000000f0000000, 0x00000000f6000000, 0x0000000100000000)
   the space 98304K,  82% used [0x00000000f0000000, 0x00000000f4f57208, 0x00000000f4f57400, 0x00000000f6000000)
No shared spaces configured.
}

